Determining if the pthread_create exist failed with the following output:
Change Dir: /home/ubuntu14/dev/nao_vision_example/build/CMakeFiles/CMakeTmp

Run Build Command:/usr/bin/make "cmTryCompileExec2298401138/fast"
/usr/bin/make -f CMakeFiles/cmTryCompileExec2298401138.dir/build.make CMakeFiles/cmTryCompileExec2298401138.dir/build
make[1]: Entering directory `/home/ubuntu14/dev/nao_vision_example/build/CMakeFiles/CMakeTmp'
/usr/bin/cmake -E cmake_progress_report /home/ubuntu14/dev/nao_vision_example/build/CMakeFiles/CMakeTmp/CMakeFiles 1
Building C object CMakeFiles/cmTryCompileExec2298401138.dir/CheckSymbolExists.c.o
/usr/bin/cc    -o CMakeFiles/cmTryCompileExec2298401138.dir/CheckSymbolExists.c.o   -c /home/ubuntu14/dev/nao_vision_example/build/CMakeFiles/CMakeTmp/CheckSymbolExists.c
Linking C executable cmTryCompileExec2298401138
/usr/bin/cmake -E cmake_link_script CMakeFiles/cmTryCompileExec2298401138.dir/link.txt --verbose=1
/usr/bin/cc       CMakeFiles/cmTryCompileExec2298401138.dir/CheckSymbolExists.c.o  -o cmTryCompileExec2298401138 -rdynamic 
CMakeFiles/cmTryCompileExec2298401138.dir/CheckSymbolExists.c.o: In function `main':
CheckSymbolExists.c:(.text+0xa): undefined reference to `pthread_create'
collect2: error: ld returned 1 exit status
make[1]: Leaving directory `/home/ubuntu14/dev/nao_vision_example/build/CMakeFiles/CMakeTmp'
make[1]: *** [cmTryCompileExec2298401138] Error 1
make: *** [cmTryCompileExec2298401138/fast] Error 2

File /home/ubuntu14/dev/nao_vision_example/build/CMakeFiles/CMakeTmp/CheckSymbolExists.c:
/* */
#include <pthread.h>

int main(int argc, char** argv)
{
  (void)argv;
#ifndef pthread_create
  return ((int*)(&pthread_create))[argc];
#else
  (void)argc;
  return 0;
#endif
}

Determining if the function pthread_create exists in the pthreads failed with the following output:
Change Dir: /home/ubuntu14/dev/nao_vision_example/build/CMakeFiles/CMakeTmp

Run Build Command:/usr/bin/make "cmTryCompileExec2934953115/fast"
/usr/bin/make -f CMakeFiles/cmTryCompileExec2934953115.dir/build.make CMakeFiles/cmTryCompileExec2934953115.dir/build
make[1]: Entering directory `/home/ubuntu14/dev/nao_vision_example/build/CMakeFiles/CMakeTmp'
/usr/bin/cmake -E cmake_progress_report /home/ubuntu14/dev/nao_vision_example/build/CMakeFiles/CMakeTmp/CMakeFiles 1
Building C object CMakeFiles/cmTryCompileExec2934953115.dir/CheckFunctionExists.c.o
/usr/bin/cc   -DCHECK_FUNCTION_EXISTS=pthread_create   -o CMakeFiles/cmTryCompileExec2934953115.dir/CheckFunctionExists.c.o   -c /usr/share/cmake-2.8/Modules/CheckFunctionExists.c
Linking C executable cmTryCompileExec2934953115
/usr/bin/cmake -E cmake_link_script CMakeFiles/cmTryCompileExec2934953115.dir/link.txt --verbose=1
/usr/bin/cc   -DCHECK_FUNCTION_EXISTS=pthread_create    CMakeFiles/cmTryCompileExec2934953115.dir/CheckFunctionExists.c.o  -o cmTryCompileExec2934953115 -rdynamic -lpthreads 
/usr/bin/ld: cannot find -lpthreads
collect2: error: ld returned 1 exit status
make[1]: Leaving directory `/home/ubuntu14/dev/nao_vision_example/build/CMakeFiles/CMakeTmp'
make[1]: *** [cmTryCompileExec2934953115] Error 1
make: *** [cmTryCompileExec2934953115/fast] Error 2


